2018-10-29 10:11:39.467  INFO 11449 --- [main] o.apache.catalina.core.StandardService   : Starting service [Tomcat]
2018-10-29 10:11:39.473  INFO 11449 --- [main] org.apache.catalina.core.StandardEngine  : Starting Servlet Engine: Apache Tomcat/8.5.34
2018-10-29 10:11:39.486  INFO 11449 --- [localhost-startStop-1] o.a.catalina.core.AprLifecycleListener   : The APR based Apache Tomcat Native library which allows optimal performance in production environments was not found on the java.library.path: [/Users/elzbietakrzych/Library/Java/Extensions:/Library/Java/Extensions:/Network/Library/Java/Extensions:/System/Library/Java/Extensions:/usr/lib/java:.]
2018-10-29 10:11:39.616  INFO 11449 --- [localhost-startStop-1] o.a.c.c.C.[Tomcat].[localhost].[/]       : Initializing Spring embedded WebApplicationContext
2018-10-29 10:11:39.853  INFO 11449 --- [main] com.zaxxer.hikari.HikariDataSource       : HikariPool-1 - Starting...
2018-10-29 10:11:40.121  INFO 11449 --- [main] com.zaxxer.hikari.HikariDataSource       : HikariPool-1 - Start completed.
2018-10-29 10:11:43.404 ERROR 11449 --- [main] o.apache.catalina.core.StandardService   : Failed to start connector [Connector[HTTP/1.1-8080]]

org.apache.catalina.LifecycleException: Failed to start component [Connector[HTTP/1.1-8080]]
	at org.apache.catalina.util.LifecycleBase.start(LifecycleBase.java:167) ~[tomcat-embed-core-8.5.34.jar:8.5.34]
	at org.apache.catalina.core.StandardService.addConnector(StandardService.java:225) ~[tomcat-embed-core-8.5.34.jar:8.5.34]
	at org.springframework.boot.web.embedded.tomcat.TomcatWebServer.addPreviouslyRemovedConnectors(TomcatWebServer.java:256) [spring-boot-2.0.5.RELEASE.jar:2.0.5.RELEASE]
	at org.springframework.boot.web.embedded.tomcat.TomcatWebServer.start(TomcatWebServer.java:198) [spring-boot-2.0.5.RELEASE.jar:2.0.5.RELEASE]
	at org.springframework.boot.web.servlet.context.ServletWebServerApplicationContext.startWebServer(ServletWebServerApplicationContext.java:300) [spring-boot-2.0.5.RELEASE.jar:2.0.5.RELEASE]
	at org.springframework.boot.web.servlet.context.ServletWebServerApplicationContext.finishRefresh(ServletWebServerApplicationContext.java:162) [spring-boot-2.0.5.RELEASE.jar:2.0.5.RELEASE]
	at org.springframework.context.support.AbstractApplicationContext.refresh(AbstractApplicationContext.java:553) [spring-context-5.0.9.RELEASE.jar:5.0.9.RELEASE]
	at org.springframework.boot.web.servlet.context.ServletWebServerApplicationContext.refresh(ServletWebServerApplicationContext.java:140) [spring-boot-2.0.5.RELEASE.jar:2.0.5.RELEASE]
	at org.springframework.boot.SpringApplication.refresh(SpringApplication.java:780) [spring-boot-2.0.5.RELEASE.jar:2.0.5.RELEASE]
	at org.springframework.boot.SpringApplication.refreshContext(SpringApplication.java:412) [spring-boot-2.0.5.RELEASE.jar:2.0.5.RELEASE]
	at org.springframework.boot.SpringApplication.run(SpringApplication.java:333) [spring-boot-2.0.5.RELEASE.jar:2.0.5.RELEASE]
	at org.springframework.boot.SpringApplication.run(SpringApplication.java:1277) [spring-boot-2.0.5.RELEASE.jar:2.0.5.RELEASE]
	at org.springframework.boot.SpringApplication.run(SpringApplication.java:1265) [spring-boot-2.0.5.RELEASE.jar:2.0.5.RELEASE]
	at com.codecool.wineREST.WineRestApplication.main(WineRestApplication.java:35) [classes/:na]
Caused by: org.apache.catalina.LifecycleException: Protocol handler start failed
	at org.apache.catalina.connector.Connector.startInternal(Connector.java:1020) ~[tomcat-embed-core-8.5.34.jar:8.5.34]
	at org.apache.catalina.util.LifecycleBase.start(LifecycleBase.java:150) ~[tomcat-embed-core-8.5.34.jar:8.5.34]
	... 13 common frames omitted
Caused by: java.net.BindException: Address already in use
	at sun.nio.ch.Net.bind0(Native Method) ~[na:1.8.0_161]
	at sun.nio.ch.Net.bind(Net.java:433) ~[na:1.8.0_161]
	at sun.nio.ch.Net.bind(Net.java:425) ~[na:1.8.0_161]
	at sun.nio.ch.ServerSocketChannelImpl.bind(ServerSocketChannelImpl.java:223) ~[na:1.8.0_161]
	at sun.nio.ch.ServerSocketAdaptor.bind(ServerSocketAdaptor.java:74) ~[na:1.8.0_161]
	at org.apache.tomcat.util.net.NioEndpoint.bind(NioEndpoint.java:219) ~[tomcat-embed-core-8.5.34.jar:8.5.34]
	at org.apache.tomcat.util.net.AbstractEndpoint.start(AbstractEndpoint.java:1151) ~[tomcat-embed-core-8.5.34.jar:8.5.34]
	at org.apache.coyote.AbstractProtocol.start(AbstractProtocol.java:591) ~[tomcat-embed-core-8.5.34.jar:8.5.34]
	at org.apache.catalina.connector.Connector.startInternal(Connector.java:1018) ~[tomcat-embed-core-8.5.34.jar:8.5.34]
	... 14 common frames omitted

2018-10-29 10:11:43.407  INFO 11449 --- [main] o.apache.catalina.core.StandardService   : Stopping service [Tomcat]
2018-10-29 10:11:43.470  INFO 11449 --- [main] com.zaxxer.hikari.HikariDataSource       : HikariPool-1 - Shutdown initiated...
2018-10-29 10:11:43.475  INFO 11449 --- [main] com.zaxxer.hikari.HikariDataSource       : HikariPool-1 - Shutdown completed.
2018-10-29 10:12:18.581  INFO 11466 --- [main] o.apache.catalina.core.StandardService   : Starting service [Tomcat]
2018-10-29 10:12:18.583  INFO 11466 --- [main] org.apache.catalina.core.StandardEngine  : Starting Servlet Engine: Apache Tomcat/8.5.34
2018-10-29 10:12:18.592  INFO 11466 --- [localhost-startStop-1] o.a.catalina.core.AprLifecycleListener   : The APR based Apache Tomcat Native library which allows optimal performance in production environments was not found on the java.library.path: [/Users/elzbietakrzych/Library/Java/Extensions:/Library/Java/Extensions:/Network/Library/Java/Extensions:/System/Library/Java/Extensions:/usr/lib/java:.]
2018-10-29 10:12:18.674  INFO 11466 --- [localhost-startStop-1] o.a.c.c.C.[Tomcat].[localhost].[/]       : Initializing Spring embedded WebApplicationContext
2018-10-29 10:12:18.914  INFO 11466 --- [main] com.zaxxer.hikari.HikariDataSource       : HikariPool-1 - Starting...
2018-10-29 10:12:19.025  INFO 11466 --- [main] com.zaxxer.hikari.HikariDataSource       : HikariPool-1 - Start completed.
2018-10-29 10:12:49.624  INFO 11466 --- [http-nio-8080-exec-1] o.a.c.c.C.[Tomcat].[localhost].[/]       : Initializing Spring FrameworkServlet 'dispatcherServlet'
2018-10-29 10:12:49.664  INFO 11466 --- [http-nio-8080-exec-1] c.c.w.interceptors.LoggerInterceptor     : [preHandle][STARTED][GET] ON /wines/5
2018-10-29 10:12:49.734  INFO 11466 --- [http-nio-8080-exec-1] c.c.w.interceptors.LoggerInterceptor     : [afterCompletion][Status:200][SUCCESSFUL GET] ON /wines/5
2018-10-29 10:12:57.142  INFO 11466 --- [http-nio-8080-exec-3] c.c.w.interceptors.LoggerInterceptor     : [preHandle][STARTED][GET] ON /wines/1
2018-10-29 10:12:57.145  INFO 11466 --- [http-nio-8080-exec-3] c.c.w.interceptors.LoggerInterceptor     : [afterCompletion][Status:200][SUCCESSFUL GET] ON /wines/1
2018-10-29 10:13:34.675  INFO 11466 --- [http-nio-8080-exec-4] c.c.w.interceptors.LoggerInterceptor     : [preHandle][STARTED][GET] ON /wines
2018-10-29 10:13:34.744  INFO 11466 --- [http-nio-8080-exec-4] c.c.w.interceptors.LoggerInterceptor     : [afterCompletion][Status:200][SUCCESSFUL GET] ON /wines
2018-10-29 10:13:44.752  INFO 11466 --- [http-nio-8080-exec-5] c.c.w.interceptors.LoggerInterceptor     : [preHandle][STARTED][GET] ON /wines/102
2018-10-29 10:13:44.756  INFO 11466 --- [http-nio-8080-exec-5] c.c.w.interceptors.LoggerInterceptor     : [afterCompletion][Status:200][SUCCESSFUL GET] ON /wines/102
2018-10-29 10:13:55.792  INFO 11466 --- [http-nio-8080-exec-6] c.c.w.interceptors.LoggerInterceptor     : [preHandle][STARTED][GET] ON /wines/
2018-10-29 10:13:55.802  INFO 11466 --- [http-nio-8080-exec-6] c.c.w.interceptors.LoggerInterceptor     : [afterCompletion][Status:200][SUCCESSFUL GET] ON /wines/
2018-10-29 10:14:02.892  INFO 11466 --- [http-nio-8080-exec-7] c.c.w.interceptors.LoggerInterceptor     : [preHandle][STARTED][GET] ON /regions/3
2018-10-29 10:14:02.898  INFO 11466 --- [http-nio-8080-exec-7] c.c.w.interceptors.LoggerInterceptor     : [afterCompletion][Status:200][SUCCESSFUL GET] ON /regions/3
2018-10-29 10:14:07.970  INFO 11466 --- [http-nio-8080-exec-8] c.c.w.interceptors.LoggerInterceptor     : [preHandle][STARTED][GET] ON /regions
2018-10-29 10:14:07.977  INFO 11466 --- [http-nio-8080-exec-8] c.c.w.interceptors.LoggerInterceptor     : [afterCompletion][Status:200][SUCCESSFUL GET] ON /regions
2018-10-29 10:31:05.575  WARN 11466 --- [HikariPool-1 housekeeper] com.zaxxer.hikari.pool.HikariPool        : HikariPool-1 - Thread starvation or clock leap detected (housekeeper delta=46s341ms).
2018-10-29 11:33:50.474  WARN 11466 --- [HikariPool-1 housekeeper] com.zaxxer.hikari.pool.HikariPool        : HikariPool-1 - Thread starvation or clock leap detected (housekeeper delta=3m14s576ms).
2018-10-29 11:46:02.164  INFO 11466 --- [Thread-4] com.zaxxer.hikari.HikariDataSource       : HikariPool-1 - Shutdown initiated...
2018-10-29 11:46:02.168  INFO 11466 --- [Thread-4] com.zaxxer.hikari.HikariDataSource       : HikariPool-1 - Shutdown completed.
